<?xml version="1.0" encoding="UTF-8"?>
<!-- Generated by org.testng.reporters.JUnitReportReporter -->
<testsuite hostname="5CD144C87X" failures="0" tests="1" name="ecom.amazon.Base.HomePageTest" time="20.727" errors="0" timestamp="2023-02-27T18:07:36 IST" skipped="0">
  <testcase classname="ecom.amazon.Base.HomePageTest" name="homePageTest" time="20.727"/>
  <system-out/>
</testsuite> <!-- ecom.amazon.Base.HomePageTest -->
